[debug] [2017-09-10T10:04:35.067Z] ----------------------------------------------------------------------
[debug] [2017-09-10T10:04:35.070Z] Command:       D:\Program Files\nodejs\node.exe C:\Users\Kath\AppData\Roaming\npm\node_modules\firebase-tools\bin\firebase serve
[debug] [2017-09-10T10:04:35.071Z] CLI Version:   3.10.1
[debug] [2017-09-10T10:04:35.071Z] Platform:      win32
[debug] [2017-09-10T10:04:35.071Z] Node Version:  v6.11.3
[debug] [2017-09-10T10:04:35.072Z] Time:          Sun Sep 10 2017 06:04:35 GMT-0400 (Eastern Daylight Time)
[debug] [2017-09-10T10:04:35.072Z] ----------------------------------------------------------------------
[debug] 
[debug] [2017-09-10T10:04:35.088Z] > command requires scopes: ["email","openid","https://www.googleapis.com/auth/cloudplatformprojects.readonly","https://www.googleapis.com/auth/firebase","https://www.googleapis.com/auth/cloud-platform"]
[debug] [2017-09-10T10:04:35.088Z] > authorizing via signed-in user
[debug] [2017-09-10T10:04:35.091Z] >>> HTTP REQUEST GET https://admin.firebase.com/v1/projects/gatechconnect  
 Sun Sep 10 2017 06:04:35 GMT-0400 (Eastern Daylight Time)
[debug] [2017-09-10T10:04:35.613Z] <<< HTTP RESPONSE 200
[debug] [2017-09-10T10:04:35.615Z] >>> HTTP REQUEST GET https://admin.firebase.com/v1/database/gatechconnect/tokens  
 Sun Sep 10 2017 06:04:35 GMT-0400 (Eastern Daylight Time)
[debug] [2017-09-10T10:04:36.058Z] <<< HTTP RESPONSE 200
[info] 
[info] === Serving from 'D:\GitHub\gatechconnect'...
[info] 
[debug] [2017-09-10T10:04:36.062Z] >>> HTTP REQUEST GET https://cloudresourcemanager.googleapis.com/v1/projects/gatechconnect  
 Sun Sep 10 2017 06:04:36 GMT-0400 (Eastern Daylight Time)
[debug] [2017-09-10T10:04:36.251Z] <<< HTTP RESPONSE 200
[debug] [2017-09-10T10:04:36.251Z] >>> HTTP REQUEST GET https://mobilesdk-pa.googleapis.com/v1/projects/671330762711/clients/_:getWebAppConfig  
 Sun Sep 10 2017 06:04:36 GMT-0400 (Eastern Daylight Time)
[debug] [2017-09-10T10:04:36.548Z] <<< HTTP RESPONSE 200
[info] i  hosting: Serving hosting files from: public
[info] +  hosting: Local server: http://localhost:5000

